\BOOKMARK [-1][-]{part.1}{I I}{}
\BOOKMARK [0][-]{chapter.1}{Introduction}{part.1}
\BOOKMARK [1][-]{section.1.1}{Project Specs}{chapter.1}
\BOOKMARK [2][-]{subsection.1.1.1}{Initial Request}{section.1.1}
\BOOKMARK [2][-]{subsection.1.1.2}{Support Multiple drives and systems}{section.1.1}
\BOOKMARK [1][-]{section.1.2}{Command Line}{chapter.1}
\BOOKMARK [1][-]{section.1.3}{Systems Analyst}{chapter.1}
\BOOKMARK [1][-]{section.1.4}{Steps}{chapter.1}
\BOOKMARK [1][-]{section.1.5}{installing library}{chapter.1}
\BOOKMARK [1][-]{section.1.6}{Design}{chapter.1}
\BOOKMARK [1][-]{section.1.7}{Create the database objects}{chapter.1}
\BOOKMARK [1][-]{section.1.8}{Creating an argument Beans}{chapter.1}
\BOOKMARK [1][-]{section.1.9}{Now what}{chapter.1}
\BOOKMARK [1][-]{section.1.10}{Inject over factories}{chapter.1}
\BOOKMARK [1][-]{section.1.11}{write to flat file as }{chapter.1}
\BOOKMARK [1][-]{section.1.12}{Implementations}{chapter.1}
\BOOKMARK [1][-]{section.1.13}{The canonical representation, the domain model}{chapter.1}
\BOOKMARK [0][-]{chapter.2}{Miscellaneous}{part.1}
\BOOKMARK [1][-]{section.2.1}{Logging}{chapter.2}
\BOOKMARK [1][-]{section.2.2}{Private Methods}{chapter.2}
\BOOKMARK [1][-]{section.2.3}{TODO}{chapter.2}
\BOOKMARK [1][-]{section.2.4}{JDBC}{chapter.2}
\BOOKMARK [1][-]{section.2.5}{Creating The Schema}{chapter.2}
\BOOKMARK [1][-]{section.2.6}{HenPlus}{chapter.2}
\BOOKMARK [1][-]{section.2.7}{H2}{chapter.2}
\BOOKMARK [1][-]{section.2.8}{Oracle}{chapter.2}
\BOOKMARK [0][-]{chapter.3}{Reverse Engineering}{part.1}
\BOOKMARK [1][-]{section.3.1}{Ant}{chapter.3}
\BOOKMARK [1][-]{section.3.2}{hibernate.cfg.xml}{chapter.3}
\BOOKMARK [1][-]{section.3.3}{hibernate.reveng.xml}{chapter.3}
\BOOKMARK [1][-]{section.3.4}{Strategy}{chapter.3}
\BOOKMARK [1][-]{section.3.5}{Dialect}{chapter.3}
\BOOKMARK [1][-]{section.3.6}{Dependencies}{chapter.3}
\BOOKMARK [1][-]{section.3.7}{Transaction}{chapter.3}
\BOOKMARK [-1][-]{part.2}{II Hibernate}{}
\BOOKMARK [-1][-]{part.3}{III Maven}{}
